Using pre-set license
Built from '2021.3/staging' branch; Version is '2021.3.3f1 (af2e63e8f9bd) revision 11480675'; Using compiler version '192829333'; Build Type 'Release'
OS: 'Windows 10  (10.0.19044) 64bit Education' Language: 'ko' Physical Memory: 16217 MB
BatchMode: 1, IsHumanControllingUs: 0, StartBugReporterOnCrash: 0, Is64bit: 1, IsPro: 1

COMMAND LINE ARGUMENTS:
C:\Program Files\Unity\Hub\Editor\2021.3.3f1\Editor\Unity.exe
-adb2
-batchMode
-noUpm
-name
AssetImportWorker2
-projectPath
C:/Users/Hoon/Desktop/Github/Multiplay/Multiplay
-logFile
Logs/AssetImportWorker2.log
-srvPort
6128
Successfully changed project path to: C:/Users/Hoon/Desktop/Github/Multiplay/Multiplay
C:/Users/Hoon/Desktop/Github/Multiplay/Multiplay
[UnityMemory] Configuration Parameters - Can be set up in boot.config
    "memorysetup-bucket-allocator-granularity=16"
    "memorysetup-bucket-allocator-bucket-count=8"
    "memorysetup-bucket-allocator-block-size=33554432"
    "memorysetup-bucket-allocator-block-count=8"
    "memorysetup-main-allocator-block-size=16777216"
    "memorysetup-thread-allocator-block-size=16777216"
    "memorysetup-gfx-main-allocator-block-size=16777216"
    "memorysetup-gfx-thread-allocator-block-size=16777216"
    "memorysetup-cache-allocator-block-size=4194304"
    "memorysetup-typetree-allocator-block-size=2097152"
    "memorysetup-profiler-bucket-allocator-granularity=16"
    "memorysetup-profiler-bucket-allocator-bucket-count=8"
    "memorysetup-profiler-bucket-allocator-block-size=33554432"
    "memorysetup-profiler-bucket-allocator-block-count=8"
    "memorysetup-profiler-allocator-block-size=16777216"
    "memorysetup-profiler-editor-allocator-block-size=1048576"
    "memorysetup-temp-allocator-size-main=16777216"
    "memorysetup-job-temp-allocator-block-size=2097152"
    "memorysetup-job-temp-allocator-block-size-background=1048576"
    "memorysetup-job-temp-allocator-reduction-small-platforms=262144"
    "memorysetup-temp-allocator-size-background-worker=32768"
    "memorysetup-temp-allocator-size-job-worker=262144"
    "memorysetup-temp-allocator-size-preload-manager=33554432"
    "memorysetup-temp-allocator-size-nav-mesh-worker=65536"
    "memorysetup-temp-allocator-size-audio-worker=65536"
    "memorysetup-temp-allocator-size-cloud-worker=32768"
    "memorysetup-temp-allocator-size-gi-baking-worker=262144"
    "memorysetup-temp-allocator-size-gfx=262144"
Refreshing native plugins compatible for Editor in 89.78 ms, found 3 plugins.
Preloading 0 native plugins for Editor in 0.00 ms.
Initialize engine version: 2021.3.3f1 (af2e63e8f9bd)
[Subsystems] Discovering subsystems at path C:/Program Files/Unity/Hub/Editor/2021.3.3f1/Editor/Data/Resources/UnitySubsystems
[Subsystems] Discovering subsystems at path C:/Users/Hoon/Desktop/Github/Multiplay/Multiplay/Assets
GfxDevice: creating device client; threaded=0; jobified=0
Direct3D:
    Version:  Direct3D 11.0 [level 11.1]
    Renderer: NVIDIA GeForce GTX 1060 3GB (ID=0x1b84)
    Vendor:   NVIDIA
    VRAM:     2988 MB
    Driver:   30.0.15.1215
Initialize mono
Mono path[0] = 'C:/Program Files/Unity/Hub/Editor/2021.3.3f1/Editor/Data/Managed'
Mono path[1] = 'C:/Program Files/Unity/Hub/Editor/2021.3.3f1/Editor/Data/MonoBleedingEdge/lib/mono/unityjit-win32'
Mono config path = 'C:/Program Files/Unity/Hub/Editor/2021.3.3f1/Editor/Data/MonoBleedingEdge/etc'
Using monoOptions --debugger-agent=transport=dt_socket,embedding=1,server=y,suspend=n,address=127.0.0.1:56408
Begin MonoManager ReloadAssembly
Registering precompiled unity dll's ...
Register platform support module: C:/Program Files/Unity/Hub/Editor/2021.3.3f1/Editor/Data/PlaybackEngines/AndroidPlayer/UnityEditor.Android.Extensions.dll
Register platform support module: C:/Program Files/Unity/Hub/Editor/2021.3.3f1/Editor/Data/PlaybackEngines/iOSSupport/UnityEditor.iOS.Extensions.dll
Register platform support module: C:/Program Files/Unity/Hub/Editor/2021.3.3f1/Editor/Data/PlaybackEngines/WindowsStandaloneSupport/UnityEditor.WindowsStandalone.Extensions.dll
Registered in 0.012875 seconds.
Native extension for WindowsStandalone target not found
[usbmuxd] Start listen thread
[usbmuxd] Listen thread started
[usbmuxd] Send listen message
Native extension for iOS target not found
Native extension for Android target not found
Refreshing native plugins compatible for Editor in 68.77 ms, found 3 plugins.
Preloading 0 native plugins for Editor in 0.00 ms.
Mono: successfully reloaded assembly
- Completed reload, in  0.559 seconds
Domain Reload Profiling:
	ReloadAssembly (559ms)
		BeginReloadAssembly (71ms)
			ExecutionOrderSort (0ms)
			DisableScriptedObjects (0ms)
			BackupInstance (0ms)
			ReleaseScriptingObjects (0ms)
			CreateAndSetChildDomain (1ms)
		EndReloadAssembly (388ms)
			LoadAssemblies (69ms)
			RebuildTransferFunctionScriptingTraits (0ms)
			SetupTypeCache (84ms)
			ReleaseScriptCaches (0ms)
			RebuildScriptCaches (22ms)
			SetupLoadedEditorAssemblies (240ms)
				LogAssemblyErrors (0ms)
				InitializePlatformSupportModulesInManaged (56ms)
				SetLoadedEditorAssemblies (0ms)
				RefreshPlugins (69ms)
				BeforeProcessingInitializeOnLoad (1ms)
				ProcessInitializeOnLoadAttributes (77ms)
				ProcessInitializeOnLoadMethodAttributes (37ms)
				AfterProcessingInitializeOnLoad (0ms)
				EditorAssembliesLoaded (0ms)
			ExecutionOrderSort2 (0ms)
			AwakeInstancesAfterBackupRestoration (0ms)
Platform modules already initialized, skipping
Registering precompiled user dll's ...
Registered in 0.008984 seconds.
Begin MonoManager ReloadAssembly
Symbol file LoadedFromMemory doesn't match image C:\Users\Hoon\Desktop\Github\Multiplay\Multiplay\Library\PackageCache\com.unity.visualscripting@1.7.6\Editor\VisualScripting.Core\Dependencies\YamlDotNet\Unity.VisualScripting.YamlDotNet.dll
Symbol file LoadedFromMemory doesn't match image C:\Users\Hoon\Desktop\Github\Multiplay\Multiplay\Library\PackageCache\com.unity.visualscripting@1.7.6\Editor\VisualScripting.Core\Dependencies\DotNetZip\Unity.VisualScripting.IonicZip.dll
Native extension for WindowsStandalone target not found
Native extension for iOS target not found
Native extension for Android target not found
Refreshing native plugins compatible for Editor in 0.51 ms, found 3 plugins.
Preloading 0 native plugins for Editor in 0.00 ms.
Mono: successfully reloaded assembly
- Completed reload, in  1.551 seconds
Domain Reload Profiling:
	ReloadAssembly (1552ms)
		BeginReloadAssembly (767ms)
			ExecutionOrderSort (0ms)
			DisableScriptedObjects (4ms)
			BackupInstance (0ms)
			ReleaseScriptingObjects (0ms)
			CreateAndSetChildDomain (682ms)
		EndReloadAssembly (687ms)
			LoadAssemblies (84ms)
			RebuildTransferFunctionScriptingTraits (0ms)
			SetupTypeCache (219ms)
			ReleaseScriptCaches (1ms)
			RebuildScriptCaches (42ms)
			SetupLoadedEditorAssemblies (317ms)
				LogAssemblyErrors (0ms)
				InitializePlatformSupportModulesInManaged (23ms)
				SetLoadedEditorAssemblies (0ms)
				RefreshPlugins (1ms)
				BeforeProcessingInitializeOnLoad (84ms)
				ProcessInitializeOnLoadAttributes (174ms)
				ProcessInitializeOnLoadMethodAttributes (23ms)
				AfterProcessingInitializeOnLoad (11ms)
				EditorAssembliesLoaded (0ms)
			ExecutionOrderSort2 (0ms)
			AwakeInstancesAfterBackupRestoration (5ms)
Platform modules already initialized, skipping
========================================================================
Worker process is ready to serve import requests
Launched and connected shader compiler UnityShaderCompiler.exe after 0.04 seconds
Refreshing native plugins compatible for Editor in 0.46 ms, found 3 plugins.
Preloading 0 native plugins for Editor in 0.00 ms.
Unloading 3588 Unused Serialized files (Serialized files now loaded: 0)
Unloading 32 unused Assets / (112.4 KB). Loaded Objects now: 4043.
Memory consumption went from 129.9 MB to 129.8 MB.
Total: 2.821200 ms (FindLiveObjects: 0.246300 ms CreateObjectMapping: 0.128500 ms MarkObjects: 2.335800 ms  DeleteObjects: 0.109600 ms)

AssetImportParameters requested are different than current active one (requested -> active):
  custom:video-decoder-ogg-theora: a1e56fd34408186e4bbccfd4996cb3dc -> 
  custom:container-muxer-webm: aa71ff27fc2769a1b78a27578f13a17b -> 
  custom:container-demuxer-webm: 4f35f7cbe854078d1ac9338744f61a02 -> 
  custom:video-encoder-webm-vp8: eb34c28f22e8b96e1ab97ce403110664 -> 
  custom:audio-encoder-webm-vorbis: bf7c407c2cedff20999df2af8eb42d56 -> 
  custom:framework-win-MediaFoundation: 216162199b28c13a410421893ffa2e32 -> 
  custom:container-demuxer-ogg: 62fdf1f143b41e24485cea50d1cbac27 -> 
  custom:video-decoder-webm-vp8: 9c59270c3fd7afecdb556c50c9e8de78 -> 
  custom:audio-decoder-ogg-vorbis: bf7c407c2cedff20999df2af8eb42d56 -> 
========================================================================
Received Import Request.
  Time since last request: 4238.396952 seconds.
  path: Assets/Newbie & Friends/Models/Boy.fbx
  artifactKey: Guid(eec22704d497dbf418481f137876ca43) Importer(815301076,1909f56bfc062723c751e8b465ee728b)
Start importing Assets/Newbie & Friends/Models/Boy.fbx using Guid(eec22704d497dbf418481f137876ca43) Importer(815301076,1909f56bfc062723c751e8b465ee728b)  -> (artifact id: 'e18edb2be234448166eb35dfcbbf86ca') in 0.157555 seconds 
========================================================================
Received Import Request.
  Time since last request: 0.000023 seconds.
  path: Assets/Newbie & Friends/Models/Skeleton.fbx
  artifactKey: Guid(01c221b2eff1f3b47b6e91d885b085d6) Importer(815301076,1909f56bfc062723c751e8b465ee728b)
Start importing Assets/Newbie & Friends/Models/Skeleton.fbx using Guid(01c221b2eff1f3b47b6e91d885b085d6) Importer(815301076,1909f56bfc062723c751e8b465ee728b)  -> (artifact id: '5e6ef820aae7033df9949af4de33e5c8') in 0.072416 seconds 
========================================================================
Received Import Request.
  Time since last request: 4.438809 seconds.
  path: Assets/Newbie & Friends/Prefabs/Dragon.prefab
  artifactKey: Guid(163b29efd35c50d4c80c4b56ef0ec786) Importer(815301076,1909f56bfc062723c751e8b465ee728b)
Start importing Assets/Newbie & Friends/Prefabs/Dragon.prefab using Guid(163b29efd35c50d4c80c4b56ef0ec786) Importer(815301076,1909f56bfc062723c751e8b465ee728b)  -> (artifact id: '87654b01d50d86e9207ec1777d181b25') in 0.006874 seconds 
========================================================================
Received Import Request.
  Time since last request: 0.000016 seconds.
  path: Assets/Newbie & Friends/Prefabs/Mad Flower.prefab
  artifactKey: Guid(ff47f444dbf93a1439d5b3c923b4e157) Importer(815301076,1909f56bfc062723c751e8b465ee728b)
Start importing Assets/Newbie & Friends/Prefabs/Mad Flower.prefab using Guid(ff47f444dbf93a1439d5b3c923b4e157) Importer(815301076,1909f56bfc062723c751e8b465ee728b)  -> (artifact id: '4811d6f5b97b25cb35da240ed3b11d66') in 0.005089 seconds 
========================================================================
Received Import Request.
  Time since last request: 0.000021 seconds.
  path: Assets/Newbie & Friends/Prefabs/Soldier.prefab
  artifactKey: Guid(8593caea920d39f49820a8fa7d8500bb) Importer(815301076,1909f56bfc062723c751e8b465ee728b)
Start importing Assets/Newbie & Friends/Prefabs/Soldier.prefab using Guid(8593caea920d39f49820a8fa7d8500bb) Importer(815301076,1909f56bfc062723c751e8b465ee728b)  -> (artifact id: 'eaf6adf1adfa97f0377a17f45e8c7d36') in 0.004833 seconds 
========================================================================
Received Import Request.
  Time since last request: 11.811654 seconds.
  path: Assets/Newbie & Friends/Scenes/Characters.unity
  artifactKey: Guid(ee3ed6d1c34b546f8a3441cf01220819) Importer(815301076,1909f56bfc062723c751e8b465ee728b)
Start importing Assets/Newbie & Friends/Scenes/Characters.unity using Guid(ee3ed6d1c34b546f8a3441cf01220819) Importer(815301076,1909f56bfc062723c751e8b465ee728b)  -> (artifact id: 'dc1e5cab9e19b6d954916fd04e4e8475') in 0.003106 seconds 
========================================================================
Received Import Request.
  Time since last request: 7.137748 seconds.
  path: Assets/Newbie & Friends/Textures/Dragon
  artifactKey: Guid(cc615c866376572459bcd89e4c9705b9) Importer(815301076,1909f56bfc062723c751e8b465ee728b)
Start importing Assets/Newbie & Friends/Textures/Dragon using Guid(cc615c866376572459bcd89e4c9705b9) Importer(815301076,1909f56bfc062723c751e8b465ee728b)  -> (artifact id: '959d164ab4f8e48c1b7c965bf65620eb') in 0.002793 seconds 
========================================================================
Received Import Request.
  Time since last request: 3.622620 seconds.
  path: Assets/Newbie & Friends/Textures/Boy
  artifactKey: Guid(6ee890a3bc3dd014cb5facc0ea143ca1) Importer(815301076,1909f56bfc062723c751e8b465ee728b)
Start importing Assets/Newbie & Friends/Textures/Boy using Guid(6ee890a3bc3dd014cb5facc0ea143ca1) Importer(815301076,1909f56bfc062723c751e8b465ee728b)  -> (artifact id: '4de12f9c9214e5d85d4cab7d29738d66') in 0.002355 seconds 
========================================================================
Received Import Request.
  Time since last request: 0.061509 seconds.
  path: Assets/Newbie & Friends/Textures/Boy/Boy_BaseColor.psd
  artifactKey: Guid(fe37b3aa79f53ea4584fc3b0b774befc) Importer(815301076,1909f56bfc062723c751e8b465ee728b)
Start importing Assets/Newbie & Friends/Textures/Boy/Boy_BaseColor.psd using Guid(fe37b3aa79f53ea4584fc3b0b774befc) Importer(815301076,1909f56bfc062723c751e8b465ee728b)  -> (artifact id: '72d02a10943a6355a888f11aeaf92406') in 0.020740 seconds 
========================================================================
Received Import Request.
  Time since last request: 0.000020 seconds.
  path: Assets/Newbie & Friends/Textures/Boy/Boy_Occlusion.png
  artifactKey: Guid(e12488545bb45d44ebc9a472cb00e08b) Importer(815301076,1909f56bfc062723c751e8b465ee728b)
Start importing Assets/Newbie & Friends/Textures/Boy/Boy_Occlusion.png using Guid(e12488545bb45d44ebc9a472cb00e08b) Importer(815301076,1909f56bfc062723c751e8b465ee728b)  -> (artifact id: '6c67eec8dafc6f4ba3b8dfb8a53c4791') in 0.012594 seconds 
========================================================================
Received Import Request.
  Time since last request: 1.517349 seconds.
  path: Assets/Resources/Boy.prefab
  artifactKey: Guid(b3ee6d2d69aea484e8ea9cb8d3ddc763) Importer(815301076,1909f56bfc062723c751e8b465ee728b)
Start importing Assets/Resources/Boy.prefab using Guid(b3ee6d2d69aea484e8ea9cb8d3ddc763) Importer(815301076,1909f56bfc062723c751e8b465ee728b)  -> (artifact id: '7e7da48009ef7b5cbca36e8892116691') in 0.026151 seconds 
========================================================================
Received Prepare
Registering precompiled user dll's ...
Registered in 0.008660 seconds.
Begin MonoManager ReloadAssembly
Symbol file LoadedFromMemory doesn't match image C:\Users\Hoon\Desktop\Github\Multiplay\Multiplay\Library\PackageCache\com.unity.visualscripting@1.7.6\Editor\VisualScripting.Core\Dependencies\YamlDotNet\Unity.VisualScripting.YamlDotNet.dll
Symbol file LoadedFromMemory doesn't match image C:\Users\Hoon\Desktop\Github\Multiplay\Multiplay\Library\PackageCache\com.unity.visualscripting@1.7.6\Editor\VisualScripting.Core\Dependencies\DotNetZip\Unity.VisualScripting.IonicZip.dll
Native extension for WindowsStandalone target not found
Native extension for iOS target not found
Native extension for Android target not found
Refreshing native plugins compatible for Editor in 0.43 ms, found 3 plugins.
Preloading 0 native plugins for Editor in 0.00 ms.
Mono: successfully reloaded assembly
- Completed reload, in  0.866 seconds
Domain Reload Profiling:
	ReloadAssembly (867ms)
		BeginReloadAssembly (131ms)
			ExecutionOrderSort (0ms)
			DisableScriptedObjects (4ms)
			BackupInstance (0ms)
			ReleaseScriptingObjects (0ms)
			CreateAndSetChildDomain (33ms)
		EndReloadAssembly (647ms)
			LoadAssemblies (91ms)
			RebuildTransferFunctionScriptingTraits (0ms)
			SetupTypeCache (209ms)
			ReleaseScriptCaches (1ms)
			RebuildScriptCaches (33ms)
			SetupLoadedEditorAssemblies (277ms)
				LogAssemblyErrors (0ms)
				InitializePlatformSupportModulesInManaged (33ms)
				SetLoadedEditorAssemblies (0ms)
				RefreshPlugins (0ms)
				BeforeProcessingInitializeOnLoad (65ms)
				ProcessInitializeOnLoadAttributes (143ms)
				ProcessInitializeOnLoadMethodAttributes (22ms)
				AfterProcessingInitializeOnLoad (12ms)
				EditorAssembliesLoaded (0ms)
			ExecutionOrderSort2 (0ms)
			AwakeInstancesAfterBackupRestoration (6ms)
Platform modules already initialized, skipping
Refreshing native plugins compatible for Editor in 2.10 ms, found 3 plugins.
Preloading 0 native plugins for Editor in 0.00 ms.
Unloading 3472 Unused Serialized files (Serialized files now loaded: 0)
Unloading 83 unused Assets / (50.3 KB). Loaded Objects now: 3998.
Memory consumption went from 144.6 MB to 144.5 MB.
Total: 2.349200 ms (FindLiveObjects: 0.188600 ms CreateObjectMapping: 0.110700 ms MarkObjects: 1.964000 ms  DeleteObjects: 0.085200 ms)

AssetImportParameters requested are different than current active one (requested -> active):
  custom:video-decoder-ogg-theora: a1e56fd34408186e4bbccfd4996cb3dc -> 
  custom:container-muxer-webm: aa71ff27fc2769a1b78a27578f13a17b -> 
  custom:container-demuxer-webm: 4f35f7cbe854078d1ac9338744f61a02 -> 
  custom:video-encoder-webm-vp8: eb34c28f22e8b96e1ab97ce403110664 -> 
  custom:audio-encoder-webm-vorbis: bf7c407c2cedff20999df2af8eb42d56 -> 
  custom:framework-win-MediaFoundation: 216162199b28c13a410421893ffa2e32 -> 
  custom:container-demuxer-ogg: 62fdf1f143b41e24485cea50d1cbac27 -> 
  custom:video-decoder-webm-vp8: 9c59270c3fd7afecdb556c50c9e8de78 -> 
  custom:audio-decoder-ogg-vorbis: bf7c407c2cedff20999df2af8eb42d56 -> 
